<?xml version="1.0" encoding="UTF-8"?>
<testng-results ignored="0" total="1" passed="1" failed="0" skipped="0">
  <reporter-output>
  </reporter-output>
  <suite started-at="2025-07-21T22:46:43 IST" name="FlipKart" finished-at="2025-07-21T22:46:46 IST" duration-ms="2679">
    <groups>
    </groups>
    <test started-at="2025-07-21T22:46:43 IST" name="LoginClassTest" finished-at="2025-07-21T22:46:46 IST" duration-ms="2679">
      <class name="login.LoginTest">
        <test-method is-config="true" signature="intializeBrowser()[pri:0, instance:login.LoginTest@52b1beb6]" started-at="2025-07-21T22:46:43 IST" name="intializeBrowser" finished-at="2025-07-21T22:46:46 IST" duration-ms="2647" status="PASS">
          <reporter-output>
          </reporter-output>
        </test-method> <!-- intializeBrowser -->
        <test-method signature="sampleTest()[pri:0, instance:login.LoginTest@52b1beb6]" started-at="2025-07-21T22:46:46 IST" name="sampleTest" finished-at="2025-07-21T22:46:46 IST" duration-ms="4" status="PASS">
          <reporter-output>
          </reporter-output>
        </test-method> <!-- sampleTest -->
      </class> <!-- login.LoginTest -->
    </test> <!-- LoginClassTest -->
  </suite> <!-- FlipKart -->
</testng-results>
